<?xml version="1.0" encoding="UTF-8"?>
<testng-results ignored="0" total="0" passed="0" failed="0" skipped="0">
  <reporter-output>
  </reporter-output>
  <suite started-at="2024-12-12T12:14:16 MSK" name="Lesson_14_testng1 by packages" finished-at="2024-12-12T12:14:16 MSK" duration-ms="5">
    <groups>
    </groups>
    <test started-at="2024-12-12T12:14:16 MSK" name="lesson_14" finished-at="2024-12-12T12:14:16 MSK" duration-ms="5">
    </test> <!-- lesson_14 -->
  </suite> <!-- Lesson_14_testng1 by packages -->
</testng-results>
